 [                                                                        
   {                                                                      
     "Plan": {                                                            
       "Node Type": "Gather",                                             
       "Parallel Aware": false,                                           
       "Async Capable": false,                                            
       "Startup Cost": 1000.00,                                           
       "Total Cost": 78628.24,                                            
       "Plan Rows": 6,                                                    
       "Plan Width": 49,                                                  
       "Actual Startup Time": 1368.265,                                   
       "Actual Total Time": 1439.654,                                     
       "Actual Rows": 2,                                                  
       "Actual Loops": 1,                                                 
       "Output": ["id", "random_text", "random_number", "created_at"],    
       "Workers Planned": 2,                                              
       "Workers Launched": 2,                                             
       "Single Copy": false,                                              
       "Shared Hit Blocks": 2560,                                         
       "Shared Read Blocks": 49024,                                       
       "Shared Dirtied Blocks": 0,                                        
       "Shared Written Blocks": 0,                                        
       "Local Hit Blocks": 0,                                             
       "Local Read Blocks": 0,                                            
       "Local Dirtied Blocks": 0,                                         
       "Local Written Blocks": 0,                                         
       "Temp Read Blocks": 0,                                             
       "Temp Written Blocks": 0,                                          
       "WAL Records": 0,                                                  
       "WAL FPI": 0,                                                      
       "WAL Bytes": 0,                                                    
       "Plans": [                                                         
         {                                                                
           "Node Type": "Seq Scan",                                       
           "Parent Relationship": "Outer",                                
           "Parallel Aware": true,                                        
           "Async Capable": false,                                        
           "Relation Name": "big_table",                                  
           "Schema": "public",                                            
           "Alias": "b1",                                                 
           "Startup Cost": 0.00,                                          
           "Total Cost": 77627.64,                                        
           "Plan Rows": 2,                                                
           "Plan Width": 49,                                              
           "Actual Startup Time": 743.674,                                
           "Actual Total Time": 1002.812,                                 
           "Actual Rows": 1,                                              
           "Actual Loops": 3,                                             
           "Output": ["id", "random_text", "random_number", "created_at"],
           "Filter": "(b1.random_number = 42)",                           
           "Rows Removed by Filter": 1666666,                             
           "Shared Hit Blocks": 2560,                                     
           "Shared Read Blocks": 49024,                                   
           "Shared Dirtied Blocks": 0,                                    
           "Shared Written Blocks": 0,                                    
           "Local Hit Blocks": 0,                                         
           "Local Read Blocks": 0,                                        
           "Local Dirtied Blocks": 0,                                     
           "Local Written Blocks": 0,                                     
           "Temp Read Blocks": 0,                                         
           "Temp Written Blocks": 0,                                      
           "WAL Records": 0,                                              
           "WAL FPI": 0,                                                  
           "WAL Bytes": 0,                                                
           "Workers": [                                                   
             {                                                            
               "Worker Number": 0,                                        
               "Actual Startup Time": 664.583,                            
               "Actual Total Time": 1350.372,                             
               "Actual Rows": 1,                                          
               "Actual Loops": 1,                                         
               "Shared Hit Blocks": 1168,                                 
               "Shared Read Blocks": 20080,                               
               "Shared Dirtied Blocks": 0,                                
               "Shared Written Blocks": 0,                                
               "Local Hit Blocks": 0,                                     
               "Local Read Blocks": 0,                                    
               "Local Dirtied Blocks": 0,                                 
               "Local Written Blocks": 0,                                 
               "Temp Read Blocks": 0,                                     
               "Temp Written Blocks": 0,                                  
               "WAL Records": 0,                                          
               "WAL FPI": 0,                                              
               "WAL Bytes": 0                                             
             },                                                           
             {                                                            
               "Worker Number": 1,                                        
               "Actual Startup Time": 201.891,                            
               "Actual Total Time": 293.516,                              
               "Actual Rows": 1,                                          
               "Actual Loops": 1,                                         
               "Shared Hit Blocks": 122,                                  
               "Shared Read Blocks": 5314,                                
               "Shared Dirtied Blocks": 0,                                
               "Shared Written Blocks": 0,                                
               "Local Hit Blocks": 0,                                     
               "Local Read Blocks": 0,                                    
               "Local Dirtied Blocks": 0,                                 
               "Local Written Blocks": 0,                                 
               "Temp Read Blocks": 0,                                     
               "Temp Written Blocks": 0,                                  
               "WAL Records": 0,                                          
               "WAL FPI": 0,                                              
               "WAL Bytes": 0                                             
             }                                                            
           ]                                                              
         }                                                                
       ]                                                                  
     },                                                                   
     "Settings": {                                                        
     },                                                                   
     "Planning": {                                                        
       "Shared Hit Blocks": 77,                                           
       "Shared Read Blocks": 0,                                           
       "Shared Dirtied Blocks": 0,                                        
       "Shared Written Blocks": 0,                                        
       "Local Hit Blocks": 0,                                             
       "Local Read Blocks": 0,                                            
       "Local Dirtied Blocks": 0,                                         
       "Local Written Blocks": 0,                                         
       "Temp Read Blocks": 0,                                             
       "Temp Written Blocks": 0                                           
     },                                                                   
     "Planning Time": 6.111,                                              
     "Triggers": [                                                        
     ],                                                                   
     "Execution Time": 1440.241                                           
   }                                                                      
 ]

